
==> Initial build and launch

==> Checking prerequisites

==> Preparing short-path workspace

==> Configuring project
-- Running vcpkg install
Detecting compiler hash for triplet x64-windows...
Compiler found: C:/Program Files/Microsoft Visual Studio/2022/Community/VC/Tools/MSVC/14.44.35207/bin/Hostx64/x64/cl.exe
The following packages are already installed:
  * brotli:x64-windows@1.2.0
  * bzip2[core,tool]:x64-windows@1.0.8#6
  * dbus:x64-windows@1.16.2#3
  * double-conversion:x64-windows@3.4.0
  * egl-registry:x64-windows@2025-05-27
  * expat:x64-windows@2.7.4
    ffmpeg[core,swscale,swresample,avformat,avfilter,avdevice,avcodec]:x64-windows@8.0.1#2
  * ffmpeg-bin2c:x64-windows@8.0.1
  * freetype[core,zlib,png,bzip2,brotli]:x64-windows@2.13.3
  * harfbuzz[core,freetype]:x64-windows@13.0.1
  * icu[core,tools]:x64-windows@78.2
  * libjpeg-turbo:x64-windows@3.1.3
  * libpng:x64-windows@1.6.55
  * libpq[core,zlib,openssl,lz4]:x64-windows@16.9#3
  * lz4:x64-windows@1.10.0
  * md4c:x64-windows@0.5.2
    opencv4[core,ffmpeg]:x64-windows@4.12.0#1
  * opengl:x64-windows@2022-12-04#3
  * opengl-registry:x64-windows@2026-01-26
  * openssl:x64-windows@3.6.1#2
  * pcre2[core,platform-default-features,jit]:x64-windows@10.47
  * pkgconf:x64-windows@2.5.1#4
    qtbase[core,zstd,widgets,thread,testlib,sql-sqlite,sql-psql,sql,sessionmanager,png,pcre2,openssl,opengl,network,jpeg,icu,harfbuzz,gui,freetype,doubleconversion,dnslookup,dbus,concurrent,brotli]:x64-windows@6.10.1
  * sqlite3[core,json1]:x64-windows@3.52.0
  * vcpkg-cmake:x64-windows@2024-04-23
  * vcpkg-cmake-config:x64-windows@2024-05-23
  * vcpkg-cmake-get-vars:x64-windows@2025-05-29
  * vcpkg-get-python-packages:x64-windows@2025-04-05
  * vcpkg-make:x64-windows@2026-01-01
  * vcpkg-pkgconfig-get-modules:x64-windows@2024-04-03
  * vcpkg-tool-meson:x64-windows@1.9.0#3
  * zlib:x64-windows@1.3.1
  * zstd:x64-windows@1.5.7
ffmpeg provides CMake integration:

  find_package(FFMPEG REQUIRED)
  target_include_directories(main PRIVATE ${FFMPEG_INCLUDE_DIRS})
  target_link_directories(main PRIVATE ${FFMPEG_LIBRARY_DIRS})
  target_link_libraries(main PRIVATE ${FFMPEG_LIBRARIES})

ffmpeg provides pkg-config modules:

  # FFmpeg codec library
  libavcodec

  # FFmpeg device handling library
  libavdevice

  # FFmpeg audio/video filtering library
  libavfilter

  # FFmpeg container format library
  libavformat

  # FFmpeg utility library
  libavutil

  # FFmpeg audio resampling library
  libswresample

  # FFmpeg image rescaling library
  libswscale

opencv4 is compatible with built-in CMake variables. In case of multiple OpenCV version installed, set OpenCV_ROOT *before* the find_package call:

    set(OpenCV_ROOT "${VCPKG_INSTALLED_DIR}/x64-windows/share/opencv4")
    find_package(OpenCV REQUIRED)

qtbase provides CMake targets:

  # this is heuristically generated, and may not be correct
  find_package(Qt6 CONFIG REQUIRED)
  # note: 38 additional targets are not displayed.
  target_link_libraries(main PRIVATE DB2::DB2 PPS::PPS Oracle::OCI Libb2::Libb2)

  find_package(Qt6Concurrent CONFIG REQUIRED)
  target_link_libraries(main PRIVATE Qt6::Concurrent)

  find_package(Qt6Core CONFIG REQUIRED)
  target_link_libraries(main PRIVATE Qt6::Core)

  find_package(Qt6CorePrivate CONFIG REQUIRED)
  target_link_libraries(main PRIVATE Qt6::CorePrivate)

  find_package(Qt6DBus CONFIG REQUIRED)
  target_link_libraries(main PRIVATE Qt6::DBus)

  find_package(Qt6DBusPrivate CONFIG REQUIRED)
  target_link_libraries(main PRIVATE Qt6::DBusPrivate)

  find_package(Qt6DeviceDiscoverySupportPrivate CONFIG REQUIRED)
  target_link_libraries(main PRIVATE Qt6::DeviceDiscoverySupportPrivate)

  find_package(Qt6EntryPointPrivate CONFIG REQUIRED)
  target_link_libraries(main PRIVATE Qt6::EntryPointPrivate Qt6::EntryPointImplementation)

  find_package(Qt6ExampleIconsPrivate CONFIG REQUIRED)
  target_link_libraries(main PRIVATE Qt6::ExampleIconsPrivate Qt6::ExampleIconsPrivate_resources_1)

  find_package(Qt6ExamplesAssetDownloaderPrivate CONFIG REQUIRED)
  target_link_libraries(main PRIVATE Qt6::ExamplesAssetDownloaderPrivate)

  find_package(Qt6FbSupportPrivate CONFIG REQUIRED)
  target_link_libraries(main PRIVATE Qt6::FbSupportPrivate)

  find_package(Qt6Gui CONFIG REQUIRED)
  # note: 5 additional targets are not displayed.
  target_link_libraries(main PRIVATE Qt6::Gui Qt6::QGifPlugin Qt6::QICOPlugin Qt6::QJpegPlugin)

  find_package(Qt6GuiPrivate CONFIG REQUIRED)
  target_link_libraries(main PRIVATE Qt6::GuiPrivate)

  find_package(Qt6Network CONFIG REQUIRED)
  # note: 1 additional targets are not displayed.
  target_link_libraries(main PRIVATE Qt6::Network Qt6::QNLMNIPlugin Qt6::QSchannelBackendPlugin Qt6::QTlsBackendOpenSSLPlugin)

  find_package(Qt6NetworkPrivate CONFIG REQUIRED)
  target_link_libraries(main PRIVATE Qt6::NetworkPrivate)

  find_package(Qt6OpenGL CONFIG REQUIRED)
  target_link_libraries(main PRIVATE Qt6::OpenGL)

  find_package(Qt6OpenGLPrivate CONFIG REQUIRED)
  target_link_libraries(main PRIVATE Qt6::OpenGLPrivate)

  find_package(Qt6OpenGLWidgets CONFIG REQUIRED)
  target_link_libraries(main PRIVATE Qt6::OpenGLWidgets)

  find_package(Qt6PrintSupport CONFIG REQUIRED)
  target_link_libraries(main PRIVATE Qt6::PrintSupport)

  find_package(Qt6PrintSupportPrivate CONFIG REQUIRED)
  target_link_libraries(main PRIVATE Qt6::PrintSupportPrivate)

  find_package(Qt6Sql CONFIG REQUIRED)
  target_link_libraries(main PRIVATE Qt6::Sql Qt6::QPSQLDriverPlugin Qt6::QSQLiteDriverPlugin)

  find_package(Qt6SqlPrivate CONFIG REQUIRED)
  target_link_libraries(main PRIVATE Qt6::SqlPrivate)

  find_package(Qt6Test CONFIG REQUIRED)
  target_link_libraries(main PRIVATE Qt6::Test)

  find_package(Qt6TestInternalsPrivate CONFIG REQUIRED)
  target_link_libraries(main PRIVATE Qt6::TestInternalsPrivate)

  find_package(Qt6TestPrivate CONFIG REQUIRED)
  target_link_libraries(main PRIVATE Qt6::TestPrivate)

  find_package(Qt6Widgets CONFIG REQUIRED)
  target_link_libraries(main PRIVATE Qt6::Widgets Qt6::QModernWindowsStylePlugin)

  find_package(Qt6WidgetsPrivate CONFIG REQUIRED)
  target_link_libraries(main PRIVATE Qt6::WidgetsPrivate)

  find_package(Qt6Xml CONFIG REQUIRED)
  target_link_libraries(main PRIVATE Qt6::Xml)

  find_package(Qt6XmlPrivate CONFIG REQUIRED)
  target_link_libraries(main PRIVATE Qt6::XmlPrivate)

All requested installations completed successfully in: 1.03 ms
-- Running vcpkg install - done
-- Selecting Windows SDK version 10.0.26100.0 to target Windows 10.0.26200.
-- Configuring done (3.1s)
-- Generating done (0.4s)
-- Build files have been written to: C:/dawg-dev/out

==> Building app (Debug)
MSBuild version 17.14.40+3e7442088 for .NET Framework

  Automatic MOC and UIC for target dawg
  mocs_compilation_Debug.cpp
  MainWindow.cpp
  main.cpp
  Generating Code...
  dawg.vcxproj -> C:\dawg-dev\out\Debug\dawg.exe
  	Copying Qt generic plugins	Copying Qt imageformats plugins	Copying Qt networkinformation plugins	Copying Qt platforms plugins	Copying Qt sqldrivers plugins	Copying Qt styles plugins	Copying Qt tls plugins

==> Ready
Short-path workspace: C:\dawg-dev\src
Build output: C:\dawg-dev\out\Debug\dawg.exe

==> Starting DAWG
